<?xml version="1.0" encoding="UTF-8"?>
<testng-results ignored="0" total="1" passed="1" failed="0" skipped="0">
  <reporter-output>
  </reporter-output>
  <suite started-at="2022-11-18T15:26:17 IST" name="Default suite" finished-at="2022-11-18T15:26:17 IST" duration-ms="45">
    <groups>
    </groups>
    <test started-at="2022-11-18T15:26:17 IST" name="Default test" finished-at="2022-11-18T15:26:17 IST" duration-ms="45">
      <class name="git.TestGit">
        <test-method signature="f()[pri:0, instance:git.TestGit@2cdd0d4b]" started-at="2022-11-18T15:26:17 IST" name="f" finished-at="2022-11-18T15:26:17 IST" duration-ms="10" status="PASS">
          <reporter-output>
          </reporter-output>
        </test-method> <!-- f -->
      </class> <!-- git.TestGit -->
    </test> <!-- Default test -->
  </suite> <!-- Default suite -->
</testng-results>
